<?xml version="1.0" encoding="UTF-8"?>
<testsuite name="io.github.eng1group9.MainScoreTest" tests="2" skipped="0" failures="0" errors="0" timestamp="2025-12-01T10:13:55.013Z" hostname="JUDESPC" time="0.017">
  <properties/>
  <testcase name="testCalculateScore_withLongboiBonus" classname="io.github.eng1group9.MainScoreTest" time="0.016"/>
  <testcase name="testCalculateScore_noBonus" classname="io.github.eng1group9.MainScoreTest" time="0.0"/>
  <system-out><![CDATA[]]></system-out>
  <system-err><![CDATA[]]></system-err>
</testsuite>
